#
# A fatal error has been detected by the Java Runtime Environment:
#
#  EXCEPTION_ACCESS_VIOLATION (0xc0000005) at pc=0x00000000062675e8, pid=6132, tid=4808
#
# JRE version: Java(TM) SE Runtime Environment (8.0_66-b18) (build 1.8.0_66-b18)
# Java VM: Java HotSpot(TM) 64-Bit Server VM (25.66-b18 mixed mode windows-amd64 compressed oops)
# Problematic frame:
# v  ~BufferBlob::vtable chunks
#
# Failed to write core dump. Minidumps are not enabled by default on client versions of Windows
#
# If you would like to submit a bug report, please visit:
#   http://bugreport.java.com/bugreport/crash.jsp
#

---------------  T H R E A D  ---------------

Current thread (0x000000000214e000):  JavaThread "main" [_thread_in_Java, id=4808, stack(0x0000000002150000,0x0000000006150000)]

siginfo: ExceptionCode=0xc0000005, reading address 0x000000068dc3a5a0

Registers:
RAX=0x0000000100073240, RBX=0x000000001a609d30, RCX=0x0000000081800000, RDX=0x00000000d1b8746c
RSP=0x000000000614cc48, RBP=0x00000000d9ba2048, RSI=0x0000000003e3f8e7, RDI=0x000000003b9aca07
R8 =0x0000000081800000, R9 =0x0000000000000001, R10=0x000000068dc3a480, R11=0x00000000d9ba2070
R12=0x0000000000000000, R13=0x000000000001cdc4, R14=0x00000000000009ab, R15=0x000000000214e000
RIP=0x00000000062675e8, EFLAGS=0x0000000000010202

Top of Stack: (sp=0x000000000614cc48)
0x000000000614cc48:   00000000062ae478 00000000d1b87390
0x000000000614cc58:   0000000000000001 00000000d9ba2070
0x000000000614cc68:   0000000005f5e10a 0000000034645f7a
0x000000000614cc78:   00000000062abe70 0000000000000029
0x000000000614cc88:   00000000062abe70 0000000000000029
0x000000000614cc98:   00000000d9ba1ce8 00000000d9ba1e50
0x000000000614cca8:   00000000062ae478 00000000d1b87198
0x000000000614ccb8:   0000000005f5e10a 00000000d9ba1e78
0x000000000614ccc8:   0000000000000029 00000000d9ba1b58
0x000000000614ccd8:   00000000364a59b4 0000000081800000
0x000000000614cce8:   0000000081800000 0000000000000029
0x000000000614ccf8:   00000000062abe70 00000000d9ba1e28
0x000000000614cd08:   00000000062ae458 00000000d1b87170
0x000000000614cd18:   0000000000000001 0000000181800000
0x000000000614cd28:   0000000005f5e10a 0000000034645f7a
0x000000000614cd38:   000000000afe2f83 0000000081800000 

Instructions: (pc=0x00000000062675e8)
0x00000000062675c8:   00 00 00 00 00 00 00 00 00 00 00 00 00 00 00 00
0x00000000062675d8:   09 00 40 00 00 00 00 00 44 8b 52 08 49 c1 e2 03
0x00000000062675e8:   45 8b 9a 20 01 00 00 4f 8d 9c da b8 01 00 00 4d
0x00000000062675f8:   8d 52 48 49 8b 1b 48 3b c3 74 15 48 85 db 0f 84 


Register to memory mapping:

RAX=0x0000000100073240 is pointing into metadata
RBX={method} {0x000000001a609d38} 'getLen' '()J' in 'Lambda'
RCX=0x0000000081800000 is an oop
[J 
 - klass: {type array long}
 - length: 100000010
RDX=0x00000000d1b8746c is pointing into object: 0x00000000d1b87468
Lambda 
 - klass: 'Lambda'
RSP=0x000000000614cc48 is pointing into the stack for thread: 0x000000000214e000
RBP=0x00000000d9ba2048 is an oop
Application 
 - klass: 'Application'
RSI=0x0000000003e3f8e7 is pointing into the stack for thread: 0x000000000214e000
RDI=0x000000003b9aca07 is an unknown value
R8 =0x0000000081800000 is an oop
[J 
 - klass: {type array long}
 - length: 100000010
R9 =0x0000000000000001 is an unknown value
R10=0x000000068dc3a480 is an unknown value
R11=0x00000000d9ba2070 is an oop
Lambda 
 - klass: 'Lambda'
R12=0x0000000000000000 is an unknown value
R13=0x000000000001cdc4 is an unknown value
R14=0x00000000000009ab is an unknown value
R15=0x000000000214e000 is a thread


Stack: [0x0000000002150000,0x0000000006150000],  sp=0x000000000614cc48,  free space=65523k
Native frames: (J=compiled Java code, j=interpreted, Vv=VM code, C=native code)
C  0x00000000062675e8


---------------  P R O C E S S  ---------------

Java Threads: ( => current thread )
  0x000000002c165800 JavaThread "Monitor Ctrl-Break" daemon [_thread_in_native, id=9300, stack(0x0000000030740000,0x0000000034740000)]
  0x000000001abfd800 JavaThread "Service Thread" daemon [_thread_blocked, id=9384, stack(0x000000002c4d0000,0x00000000304d0000)]
  0x000000001abd1800 JavaThread "C1 CompilerThread2" daemon [_thread_blocked, id=5988, stack(0x000000002bfd0000,0x000000002c0d0000)]
  0x000000001aba3800 JavaThread "C2 CompilerThread1" daemon [_thread_blocked, id=4508, stack(0x000000002bed0000,0x000000002bfd0000)]
  0x000000001ab9f800 JavaThread "C2 CompilerThread0" daemon [_thread_blocked, id=10612, stack(0x000000002bdd0000,0x000000002bed0000)]
  0x000000001ab9b800 JavaThread "Attach Listener" daemon [_thread_blocked, id=7820, stack(0x0000000027dd0000,0x000000002bdd0000)]
  0x000000001ab9a800 JavaThread "Signal Dispatcher" daemon [_thread_blocked, id=4292, stack(0x0000000023dd0000,0x0000000027dd0000)]
  0x0000000001fd7000 JavaThread "Finalizer" daemon [_thread_blocked, id=8324, stack(0x000000001fcf0000,0x0000000023cf0000)]
  0x0000000001fce000 JavaThread "Reference Handler" daemon [_thread_blocked, id=2460, stack(0x000000001bcf0000,0x000000001fcf0000)]
=>0x000000000214e000 JavaThread "main" [_thread_in_Java, id=4808, stack(0x0000000002150000,0x0000000006150000)]

Other Threads:
  0x000000001ab68000 VMThread [stack: 0x000000001bbf0000,0x000000001bcf0000] [id=6928]
  0x000000002c0ec800 WatcherThread [stack: 0x00000000304d0000,0x00000000305d0000] [id=8432]

VM state:not at safepoint (normal execution)

VM Mutex/Monitor currently owned by a thread: None

Heap:
 PSYoungGen      total 416256K, used 64654K [0x00000000d5d80000, 0x0000000100000000, 0x0000000100000000)
  eden space 230912K, 27% used [0x00000000d5d80000,0x00000000d9ca3b50,0x00000000e3f00000)
  from space 185344K, 0% used [0x00000000f2e00000,0x00000000f2e00000,0x00000000fe300000)
  to   space 229888K, 0% used [0x00000000e3f00000,0x00000000e3f00000,0x00000000f1f80000)
 ParOldGen       total 1381888K, used 1329929K [0x0000000081800000, 0x00000000d5d80000, 0x00000000d5d80000)
  object space 1381888K, 96% used [0x0000000081800000,0x00000000d2ac2748,0x00000000d5d80000)
 Metaspace       used 3898K, capacity 4650K, committed 4864K, reserved 1056768K
  class space    used 441K, capacity 466K, committed 512K, reserved 1048576K

Card table byte_map: [0x0000000015510000,0x0000000015910000] byte_map_base: 0x0000000015104000

Marking Bits: (ParMarkBitMap*) 0x000000006139a5b0
 Begin Bits: [0x0000000015ec0000, 0x0000000017e60000)
 End Bits:   [0x0000000017e60000, 0x0000000019e00000)

Polling page: 0x0000000000630000

CodeCache: size=245760Kb used=1549Kb max_used=1561Kb free=244210Kb
 bounds [0x0000000006150000, 0x00000000063c0000, 0x0000000015150000]
 total_blobs=498 nmethods=244 adapters=167
 compilation: enabled

Compilation events (10 events):
Event: 9.669 Thread 0x000000001abd1800  240       3       Lambda::getHeadNormalForm (2 bytes)
Event: 9.670 Thread 0x000000001abd1800 nmethod 240 0x00000000062d3d10 code [0x00000000062d3e60, 0x00000000062d3fb0]
Event: 12.467 Thread 0x000000001abd1800  241       1       java.util.HashMap::afterNodeInsertion (1 bytes)
Event: 12.468 Thread 0x000000001abd1800 nmethod 241 0x00000000062d4050 code [0x00000000062d41a0, 0x00000000062d42b0]
Event: 12.612 Thread 0x000000001ab9f800  242       4       java.nio.Buffer::position (43 bytes)
Event: 12.612 Thread 0x000000001ab9f800 nmethod 242 0x00000000062d6fd0 code [0x00000000062d7100, 0x00000000062d71b8]
Event: 23.484 Thread 0x000000001aba3800  243       4       java.lang.String::getChars (62 bytes)
Event: 23.489 Thread 0x000000001aba3800 nmethod 243 0x00000000062d5690 code [0x00000000062d57e0, 0x00000000062d5958]
Event: 34.606 Thread 0x000000001aba3800  244       4       java.nio.CharBuffer::arrayOffset (35 bytes)
Event: 34.608 Thread 0x000000001aba3800 nmethod 244 0x00000000062af210 code [0x00000000062af340, 0x00000000062af3d8]

GC Heap History (10 events):
Event: 26.096 GC heap before
{Heap before GC invocations=19 (full 3):
 PSYoungGen      total 374272K, used 374272K [0x00000000d5d80000, 0x00000000fe300000, 0x0000000100000000)
  eden space 227840K, 100% used [0x00000000d5d80000,0x00000000e3c00000,0x00000000e3c00000)
  from space 146432K, 100% used [0x00000000e3c00000,0x00000000ecb00000,0x00000000ecb00000)
  to   space 185344K, 0% used [0x00000000f2e00000,0x00000000f2e00000,0x00000000fe300000)
 ParOldGen       total 1235968K, used 1047761K [0x0000000081800000, 0x00000000ccf00000, 0x00000000d5d80000)
  object space 1235968K, 84% used [0x0000000081800000,0x00000000c1734428,0x00000000ccf00000)
 Metaspace       used 3898K, capacity 4650K, committed 4864K, reserved 1056768K
  class space    used 441K, capacity 466K, committed 512K, reserved 1048576K
Event: 26.986 GC heap after
Heap after GC invocations=19 (full 3):
 PSYoungGen      total 416256K, used 185344K [0x00000000d5d80000, 0x0000000100000000, 0x0000000100000000)
  eden space 230912K, 0% used [0x00000000d5d80000,0x00000000d5d80000,0x00000000e3f00000)
  from space 185344K, 100% used [0x00000000f2e00000,0x00000000fe300000,0x00000000fe300000)
  to   space 229888K, 0% used [0x00000000e3f00000,0x00000000e3f00000,0x00000000f1f80000)
 ParOldGen       total 1235968K, used 1117049K [0x0000000081800000, 0x00000000ccf00000, 0x00000000d5d80000)
  object space 1235968K, 90% used [0x0000000081800000,0x00000000c5ade428,0x00000000ccf00000)
 Metaspace       used 3898K, capacity 4650K, committed 4864K, reserved 1056768K
  class space    used 441K, capacity 466K, committed 512K, reserved 1048576K
}
Event: 26.986 GC heap before
{Heap before GC invocations=20 (full 4):
 PSYoungGen      total 416256K, used 185344K [0x00000000d5d80000, 0x0000000100000000, 0x0000000100000000)
  eden space 230912K, 0% used [0x00000000d5d80000,0x00000000d5d80000,0x00000000e3f00000)
  from space 185344K, 100% used [0x00000000f2e00000,0x00000000fe300000,0x00000000fe300000)
  to   space 229888K, 0% used [0x00000000e3f00000,0x00000000e3f00000,0x00000000f1f80000)
 ParOldGen       total 1235968K, used 1117049K [0x0000000081800000, 0x00000000ccf00000, 0x00000000d5d80000)
  object space 1235968K, 90% used [0x0000000081800000,0x00000000c5ade428,0x00000000ccf00000)
 Metaspace       used 3898K, capacity 4650K, committed 4864K, reserved 1056768K
  class space    used 441K, capacity 466K, committed 512K, reserved 1048576K
Event: 29.466 GC heap after
Heap after GC invocations=20 (full 4):
 PSYoungGen      total 416256K, used 37853K [0x00000000d5d80000, 0x0000000100000000, 0x0000000100000000)
  eden space 230912K, 0% used [0x00000000d5d80000,0x00000000d5d80000,0x00000000e3f00000)
  from space 185344K, 20% used [0x00000000f2e00000,0x00000000f52f7700,0x00000000fe300000)
  to   space 229888K, 0% used [0x00000000e3f00000,0x00000000e3f00000,0x00000000f1f80000)
 ParOldGen       total 1381888K, used 1235588K [0x0000000081800000, 0x00000000d5d80000, 0x00000000d5d80000)
  object space 1381888K, 89% used [0x0000000081800000,0x00000000ccea1128,0x00000000d5d80000)
 Metaspace       used 3898K, capacity 4650K, committed 4864K, reserved 1056768K
  class space    used 441K, capacity 466K, committed 512K, reserved 1048576K
}
Event: 30.824 GC heap before
{Heap before GC invocations=21 (full 5):
 PSYoungGen      total 416256K, used 268765K [0x00000000d5d80000, 0x0000000100000000, 0x0000000100000000)
  eden space 230912K, 100% used [0x00000000d5d80000,0x00000000e3f00000,0x00000000e3f00000)
  from space 185344K, 20% used [0x00000000f2e00000,0x00000000f52f7700,0x00000000fe300000)
  to   space 229888K, 0% used [0x00000000e3f00000,0x00000000e3f00000,0x00000000f1f80000)
 ParOldGen       total 1381888K, used 1235588K [0x0000000081800000, 0x00000000d5d80000, 0x00000000d5d80000)
  object space 1381888K, 89% used [0x0000000081800000,0x00000000ccea1128,0x00000000d5d80000)
 Metaspace       used 3898K, capacity 4650K, committed 4864K, reserved 1056768K
  class space    used 441K, capacity 466K, committed 512K, reserved 1048576K
Event: 33.689 GC heap after
Heap after GC invocations=21 (full 5):
 PSYoungGen      total 416256K, used 0K [0x00000000d5d80000, 0x0000000100000000, 0x0000000100000000)
  eden space 230912K, 0% used [0x00000000d5d80000,0x00000000d5d80000,0x00000000e3f00000)
  from space 185344K, 0% used [0x00000000f2e00000,0x00000000f2e00000,0x00000000fe300000)
  to   space 229888K, 0% used [0x00000000e3f00000,0x00000000e3f00000,0x00000000f1f80000)
 ParOldGen       total 1381888K, used 1333282K [0x0000000081800000, 0x00000000d5d80000, 0x00000000d5d80000)
  object space 1381888K, 96% used [0x0000000081800000,0x00000000d2e08870,0x00000000d5d80000)
 Metaspace       used 3898K, capacity 4650K, committed 4864K, reserved 1056768K
  class space    used 441K, capacity 466K, committed 512K, reserved 1048576K
}
Event: 35.144 GC heap before
{Heap before GC invocations=22 (full 6):
 PSYoungGen      total 416256K, used 230912K [0x00000000d5d80000, 0x0000000100000000, 0x0000000100000000)
  eden space 230912K, 100% used [0x00000000d5d80000,0x00000000e3f00000,0x00000000e3f00000)
  from space 185344K, 0% used [0x00000000f2e00000,0x00000000f2e00000,0x00000000fe300000)
  to   space 229888K, 0% used [0x00000000e3f00000,0x00000000e3f00000,0x00000000f1f80000)
 ParOldGen       total 1381888K, used 1333282K [0x0000000081800000, 0x00000000d5d80000, 0x00000000d5d80000)
  object space 1381888K, 96% used [0x0000000081800000,0x00000000d2e08870,0x00000000d5d80000)
 Metaspace       used 3898K, capacity 4650K, committed 4864K, reserved 1056768K
  class space    used 441K, capacity 466K, committed 512K, reserved 1048576K
Event: 37.732 GC heap after
Heap after GC invocations=22 (full 6):
 PSYoungGen      total 416256K, used 0K [0x00000000d5d80000, 0x0000000100000000, 0x0000000100000000)
  eden space 230912K, 0% used [0x00000000d5d80000,0x00000000d5d80000,0x00000000e3f00000)
  from space 185344K, 0% used [0x00000000f2e00000,0x00000000f2e00000,0x00000000fe300000)
  to   space 229888K, 0% used [0x00000000e3f00000,0x00000000e3f00000,0x00000000f1f80000)
 ParOldGen       total 1381888K, used 1241270K [0x0000000081800000, 0x00000000d5d80000, 0x00000000d5d80000)
  object space 1381888K, 89% used [0x0000000081800000,0x00000000cd42d8f0,0x00000000d5d80000)
 Metaspace       used 3898K, capacity 4650K, committed 4864K, reserved 1056768K
  class space    used 441K, capacity 466K, committed 512K, reserved 1048576K
}
Event: 39.365 GC heap before
{Heap before GC invocations=23 (full 7):
 PSYoungGen      total 416256K, used 230912K [0x00000000d5d80000, 0x0000000100000000, 0x0000000100000000)
  eden space 230912K, 100% used [0x00000000d5d80000,0x00000000e3f00000,0x00000000e3f00000)
  from space 185344K, 0% used [0x00000000f2e00000,0x00000000f2e00000,0x00000000fe300000)
  to   space 229888K, 0% used [0x00000000e3f00000,0x00000000e3f00000,0x00000000f1f80000)
 ParOldGen       total 1381888K, used 1241270K [0x0000000081800000, 0x00000000d5d80000, 0x00000000d5d80000)
  object space 1381888K, 89% used [0x0000000081800000,0x00000000cd42d8f0,0x00000000d5d80000)
 Metaspace       used 3898K, capacity 4650K, committed 4864K, reserved 1056768K
  class space    used 441K, capacity 466K, committed 512K, reserved 1048576K
Event: 42.472 GC heap after
Heap after GC invocations=23 (full 7):
 PSYoungGen      total 416256K, used 0K [0x00000000d5d80000, 0x0000000100000000, 0x0000000100000000)
  eden space 230912K, 0% used [0x00000000d5d80000,0x00000000d5d80000,0x00000000e3f00000)
  from space 185344K, 0% used [0x00000000f2e00000,0x00000000f2e00000,0x00000000fe300000)
  to   space 229888K, 0% used [0x00000000e3f00000,0x00000000e3f00000,0x00000000f1f80000)
 ParOldGen       total 1381888K, used 1329929K [0x0000000081800000, 0x00000000d5d80000, 0x00000000d5d80000)
  object space 1381888K, 96% used [0x0000000081800000,0x00000000d2ac2748,0x00000000d5d80000)
 Metaspace       used 3898K, capacity 4650K, committed 4864K, reserved 1056768K
  class space    used 441K, capacity 466K, committed 512K, reserved 1048576K
}

Deoptimization events (1 events):
Event: 6.336 Thread 0x000000000214e000 Uncommon trap: reason=unstable_if action=reinterpret pc=0x000000000628d068 method=LambdaTerm.<clinit>()V @ 30

Internal exceptions (6 events):
Event: 0.120 Thread 0x000000000214e000 Exception <a 'java/lang/NoSuchMethodError': Method sun.misc.Unsafe.defineClass(Ljava/lang/String;[BII)Ljava/lang/Class; name or signature does not match> (0x00000000d5d93090) thrown at [C:\re\workspace\8-2-build-windows-amd64-cygwin\jdk8u66\5298\hotspot\sríÔÝlqØ¾?
Event: 0.120 Thread 0x000000000214e000 Exception <a 'java/lang/NoSuchMethodError': Method sun.misc.Unsafe.prefetchRead(Ljava/lang/Object;J)V name or signature does not match> (0x00000000d5d93378) thrown at [C:\re\workspace\8-2-build-windows-amd64-cygwin\jdk8u66\5298\hotspot\src\share\vm\prims\j¾6ÛÐqÜ?
Event: 0.439 Thread 0x000000000214e000 Exception <a 'java/security/PrivilegedActionException'> (0x00000000d5fa7170) thrown at [C:\re\workspace\8-2-build-windows-amd64-cygwin\jdk8u66\5298\hotspot\src\share\vm\prims\jvm.cpp, line 1386]
Event: 0.439 Thread 0x000000000214e000 Exception <a 'java/security/PrivilegedActionException'> (0x00000000d5fa7568) thrown at [C:\re\workspace\8-2-build-windows-amd64-cygwin\jdk8u66\5298\hotspot\src\share\vm\prims\jvm.cpp, line 1386]
Event: 0.441 Thread 0x000000000214e000 Exception <a 'java/security/PrivilegedActionException'> (0x00000000d5fab780) thrown at [C:\re\workspace\8-2-build-windows-amd64-cygwin\jdk8u66\5298\hotspot\src\share\vm\prims\jvm.cpp, line 1386]
Event: 0.441 Thread 0x000000000214e000 Exception <a 'java/security/PrivilegedActionException'> (0x00000000d5fabb78) thrown at [C:\re\workspace\8-2-build-windows-amd64-cygwin\jdk8u66\5298\hotspot\src\share\vm\prims\jvm.cpp, line 1386]

Events (10 events):
Event: 23.517 Executing VM operation: ParallelGCFailedAllocation
Event: 24.175 Executing VM operation: ParallelGCFailedAllocation done
Event: 26.095 Executing VM operation: ParallelGCFailedAllocation
Event: 29.466 Executing VM operation: ParallelGCFailedAllocation done
Event: 30.824 Executing VM operation: ParallelGCFailedAllocation
Event: 33.689 Executing VM operation: ParallelGCFailedAllocation done
Event: 35.144 Executing VM operation: ParallelGCFailedAllocation
Event: 37.732 Executing VM operation: ParallelGCFailedAllocation done
Event: 39.365 Executing VM operation: ParallelGCFailedAllocation
Event: 42.472 Executing VM operation: ParallelGCFailedAllocation done


Dynamic libraries:
0x00007ff6c4130000 - 0x00007ff6c4167000 	C:\Program Files\Java\jdk1.8.0_66\bin\java.exe
0x00007fffb38a0000 - 0x00007fffb3a4c000 	C:\Windows\SYSTEM32\ntdll.dll
0x00007fffb0ff0000 - 0x00007fffb112a000 	C:\Windows\system32\KERNEL32.DLL
0x00007fffb0c50000 - 0x00007fffb0d5f000 	C:\Windows\system32\KERNELBASE.dll
0x00007fffaf410000 - 0x00007fffaf498000 	C:\Windows\system32\apphelp.dll
0x00007fffa7080000 - 0x00007fffa70cf000 	C:\Windows\AppPatch\AppPatch64\AcGenral.DLL
0x00007fffb1130000 - 0x00007fffb11d7000 	C:\Windows\system32\msvcrt.dll
0x00007fffb0990000 - 0x00007fffb09bb000 	C:\Windows\SYSTEM32\SspiCli.dll
0x00007fffb2a50000 - 0x00007fffb2aa1000 	C:\Windows\system32\SHLWAPI.dll
0x00007fffb2fe0000 - 0x00007fffb3151000 	C:\Windows\system32\USER32.dll
0x00007fffb2700000 - 0x00007fffb2878000 	C:\Windows\system32\ole32.dll
0x00007fffb11e0000 - 0x00007fffb26f8000 	C:\Windows\system32\SHELL32.dll
0x00007fffb04f0000 - 0x00007fffb050e000 	C:\Windows\SYSTEM32\USERENV.dll
0x00007fffb2880000 - 0x00007fffb2925000 	C:\Windows\system32\ADVAPI32.dll
0x00007fffa4050000 - 0x00007fffa406b000 	C:\Windows\SYSTEM32\MPR.dll
0x00007fffb35c0000 - 0x00007fffb36f7000 	C:\Windows\system32\RPCRT4.dll
0x00007fffb29d0000 - 0x00007fffb2a27000 	C:\Windows\SYSTEM32\sechost.dll
0x00007fffb31d0000 - 0x00007fffb33a6000 	C:\Windows\SYSTEM32\combase.dll
0x00007fffb2e90000 - 0x00007fffb2fd4000 	C:\Windows\system32\GDI32.dll
0x00007fffb0ae0000 - 0x00007fffb0af4000 	C:\Windows\SYSTEM32\profapi.dll
0x00007fffaede0000 - 0x00007fffaee7f000 	C:\Windows\SYSTEM32\SHCORE.dll
0x00007fffb3850000 - 0x00007fffb3884000 	C:\Windows\system32\IMM32.DLL
0x00007fffb33b0000 - 0x00007fffb3501000 	C:\Windows\system32\MSCTF.dll
0x00007fffae4b0000 - 0x00007fffae70a000 	C:\Windows\WinSxS\amd64_microsoft.windows.common-controls_6595b64144ccf1df_6.0.9600.17031_none_6242a4b3ecbb55a1\COMCTL32.dll
0x0000000061b40000 - 0x0000000061c12000 	C:\Program Files\Java\jdk1.8.0_66\jre\bin\msvcr100.dll
0x0000000060b90000 - 0x0000000061419000 	C:\Program Files\Java\jdk1.8.0_66\jre\bin\server\jvm.dll
0x00007fffac600000 - 0x00007fffac609000 	C:\Windows\SYSTEM32\WSOCK32.dll
0x00007fffa22c0000 - 0x00007fffa22df000 	C:\Windows\SYSTEM32\WINMM.dll
0x00007fffa8430000 - 0x00007fffa843a000 	C:\Windows\SYSTEM32\VERSION.dll
0x00007fffb3700000 - 0x00007fffb3707000 	C:\Windows\system32\PSAPI.DLL
0x00007fffb2e30000 - 0x00007fffb2e88000 	C:\Windows\system32\WS2_32.dll
0x00007fffa2290000 - 0x00007fffa22ba000 	C:\Windows\SYSTEM32\WINMMBASE.dll
0x00007fffb3890000 - 0x00007fffb3899000 	C:\Windows\system32\NSI.dll
0x00007fffb0c00000 - 0x00007fffb0c4a000 	C:\Windows\SYSTEM32\cfgmgr32.dll
0x00007fffaf940000 - 0x00007fffaf966000 	C:\Windows\SYSTEM32\DEVOBJ.dll
0x0000000061f10000 - 0x0000000061f1f000 	C:\Program Files\Java\jdk1.8.0_66\jre\bin\verify.dll
0x0000000061ee0000 - 0x0000000061f09000 	C:\Program Files\Java\jdk1.8.0_66\jre\bin\java.dll
0x0000000061ae0000 - 0x0000000061af6000 	C:\Program Files\Java\jdk1.8.0_66\jre\bin\zip.dll
0x00007fffabf50000 - 0x00007fffabf60000 	D:\JetBrains\IntelliJ IDEA 14.1.5\bin\breakgen64.dll
0x0000000061ec0000 - 0x0000000061eda000 	C:\Program Files\Java\jdk1.8.0_66\jre\bin\net.dll
0x00007fffb0380000 - 0x00007fffb03d8000 	C:\Windows\system32\mswsock.dll
0x00007fff9a680000 - 0x00007fff9a808000 	C:\Windows\SYSTEM32\dbghelp.dll

VM Arguments:
jvm_args: -Xss64M -Didea.launcher.port=7542 -Didea.launcher.bin.path=D:\JetBrains\IntelliJ IDEA 14.1.5\bin -Dfile.encoding=windows-1251 
java_command: com.intellij.rt.execution.application.AppMain Homework4
java_class_path (initial): D:\Users\Daria\Documents\GitHub\myprojects\Code\TT_2015\bin;C:\Program Files\Java\jdk1.8.0_66\jre\lib\charsets.jar;C:\Program Files\Java\jdk1.8.0_66\jre\lib\deploy.jar;C:\Program Files\Java\jdk1.8.0_66\jre\lib\javaws.jar;C:\Program Files\Java\jdk1.8.0_66\jre\lib\jce.jar;C:\Program Files\Java\jdk1.8.0_66\jre\lib\jfr.jar;C:\Program Files\Java\jdk1.8.0_66\jre\lib\jfxswt.jar;C:\Program Files\Java\jdk1.8.0_66\jre\lib\jsse.jar;C:\Program Files\Java\jdk1.8.0_66\jre\lib\management-agent.jar;C:\Program Files\Java\jdk1.8.0_66\jre\lib\plugin.jar;C:\Program Files\Java\jdk1.8.0_66\jre\lib\resources.jar;C:\Program Files\Java\jdk1.8.0_66\jre\lib\rt.jar;C:\Program Files\Java\jdk1.8.0_66\jre\lib\ext\access-bridge-64.jar;C:\Program Files\Java\jdk1.8.0_66\jre\lib\ext\cldrdata.jar;C:\Program Files\Java\jdk1.8.0_66\jre\lib\ext\dnsns.jar;C:\Program Files\Java\jdk1.8.0_66\jre\lib\ext\jaccess.jar;C:\Program Files\Java\jdk1.8.0_66\jre\lib\ext\jfxrt.jar;C:\Program Files\Java\jdk1.8.0_66\jre\lib\ext\localedata.jar;C:\Program Files\Java\jdk1.8.0_66\jre\lib\ext\nashorn.jar;C:\Program Files\Java\jdk1.8.0_66\jre\lib\ext\sunec.jar;C:\Program Files\Java\jdk1.8.0_66\jre\lib\ext\sunjce_provider.jar;C:\Program Files\Java\jdk1.8.0_66\jre\lib\ext\sunmscapi.jar;C:\Program Files\Java\jdk1.8.0_66\jre\lib\ext\sunpkcs11.jar;C:\Program Files\Java\jdk1.8.0_66\jre\lib\ext\zipfs.jar;D:\JetBrains\IntelliJ IDEA 14.1.5\lib\idea_rt.jar
Launcher Type: SUN_STANDARD

Environment Variables:
JAVA_HOME=C:\Program Files\Java\jdk1.8.0_31\
PATH=C:\Perl64\site\bin;C:\Perl64\bin;C:\ProgramData\Oracle\Java\javapath;C:\Program Files (x86)\Intel\iCLS Client\;C:\Program Files\Intel\iCLS Client\;C:\Windows\system32;C:\Windows;C:\Windows\System32\Wbem;C:\Windows\System32\WindowsPowerShell\v1.0\;C:\Program Files\Intel\Intel(R) Management Engine Components\DAL;C:\Program Files\Intel\Intel(R) Management Engine Components\IPT;C:\Program Files (x86)\Intel\Intel(R) Management Engine Components\DAL;C:\Program Files (x86)\Intel\Intel(R) Management Engine Components\IPT;C:\Program Files\Lenovo\Fingerprint Manager Pro\;C:\Program Files (x86)\Lenovo\Password Manager\;C:\MinGW64\bin;D:\FPC\2.6.4\bin\i386-Win32;C:\Program Files\Java\jdk1.8.0_31\bin;D:\Users\Daria\Documents\miktex\miktex\bin\;C:\Program Files\Java\jdk1.8.0_31\bin;D:\Users\Daria\Documents\scala\bin;C:\boost;C:\Program Files (x86)\Skype\Phone\;D:\Users\Daria\Documents\Git\bin;D:\Users\Daria\Documents\Git\mingw64\bin;C:\Program Files\SlikSvn\bin;D:\Users\Daria\Documents\GitHub\myprojects\Code\workspace\ITMO_olympiads\io-2015-2016\tools;C:\Perl64\bin;D:\Users\Daria\Documents\Git\bin;
USERNAME=Daria
OS=Windows_NT
PROCESSOR_IDENTIFIER=Intel64 Family 6 Model 69 Stepping 1, GenuineIntel



---------------  S Y S T E M  ---------------

OS: Windows 8.1 , 64 bit Build 9600 (6.3.9600.17056)

CPU:total 4 (2 cores per cpu, 2 threads per core) family 6 model 69 stepping 1, cmov, cx8, fxsr, mmx, sse, sse2, sse3, ssse3, sse4.1, sse4.2, popcnt, avx, avx2, aes, clmul, erms, lzcnt, ht, tsc, tscinvbit, bmi1, bmi2

Memory: 4k page, physical 8287088k(2087892k free), swap 10320324k(2022152k free)

vm_info: Java HotSpot(TM) 64-Bit Server VM (25.66-b18) for windows-amd64 JRE (1.8.0_66-b18), built on Nov  9 2015 10:51:13 by "java_re" with MS VC++ 10.0 (VS2010)

time: Sat Apr 23 15:58:26 2016
elapsed time: 42 seconds (0d 0h 0m 42s)

